<?xml version="1.0" encoding="UTF-8"?>
<!-- Generated by org.testng.reporters.JUnitReportReporter -->
<testsuite skipped="0" hostname="Lenovo" name="com.FindingHospitals.Regression" tests="6" failures="0" timestamp="11 Mar 2021 03:28:05 GMT" time="100.487" errors="0">
  <testcase name="homepage" time="30.298" classname="com.FindingHospitals.Regression"/>
  <testcase name="browserRun" time="16.561" classname="com.FindingHospitals.Regression"/>
  <testcase name="hospitalnames" time="5.792" classname="com.FindingHospitals.Regression"/>
  <testcase name="diagnostics" time="14.746" classname="com.FindingHospitals.Regression"/>
  <testcase name="corporate" time="32.863" classname="com.FindingHospitals.Regression"/>
  <testcase name="quit" time="0.227" classname="com.FindingHospitals.Regression"/>
</testsuite> <!-- com.FindingHospitals.Regression -->
