<?xml version="1.0" encoding="UTF-8"?>
<!-- Generated by org.testng.reporters.JUnitReportReporter -->
<testsuite skipped="0" hostname="Lenovo" name="TestCases.Smoke" tests="9" failures="0" timestamp="11 May 2021 11:09:57 GMT" time="174.343" errors="0">
  <testcase name="login" time="50.276" classname="TestCases.Smoke"/>
  <testcase name="hospital" time="2.437" classname="TestCases.Smoke"/>
  <testcase name="searchhospitals" time="26.165" classname="TestCases.Smoke"/>
  <testcase name="hospitalnames" time="0.407" classname="TestCases.Smoke"/>
  <testcase name="hospitaldata" time="37.263" classname="TestCases.Smoke"/>
  <testcase name="diagnostics" time="14.571" classname="TestCases.Smoke"/>
  <testcase name="diagnostic" time="1.255" classname="TestCases.Smoke"/>
  <testcase name="diagnosticdata" time="0.404" classname="TestCases.Smoke"/>
  <testcase name="corporatepage" time="41.565" classname="TestCases.Smoke"/>
</testsuite> <!-- TestCases.Smoke -->
