<?xml version="1.0" encoding="UTF-8"?>
<!-- Generated by org.testng.reporters.JUnitReportReporter -->
<testsuite skipped="0" hostname="Lenovo" name="com.maven.Hackathon.Fbpage" tests="1" failures="0" timestamp="01 Mar 2021 12:09:26 GMT" time="16.459" errors="0">
  <testcase name="verifyFaceBookHomePage" time="16.459" classname="com.maven.Hackathon.Fbpage"/>
</testsuite> <!-- com.maven.Hackathon.Fbpage -->
