<?xml version="1.0" encoding="UTF-8"?>
<!-- Generated by org.testng.reporters.JUnitReportReporter -->
<testsuite skipped="0" hostname="Lenovo" name="TestCases.Regression" tests="9" failures="0" timestamp="26 Mar 2021 16:18:32 GMT" time="105.254" errors="0">
  <testcase name="hospitaldata" time="6.713" classname="TestCases.Regression"/>
  <testcase name="login" time="26.190" classname="TestCases.Regression"/>
  <testcase name="searchhospitals" time="31.555" classname="TestCases.Regression"/>
  <testcase name="hospitalnames" time="0.687" classname="TestCases.Regression"/>
  <testcase name="hospital" time="4.127" classname="TestCases.Regression"/>
  <testcase name="diagnosticdata" time="0.730" classname="TestCases.Regression"/>
  <testcase name="diagnostic" time="0.769" classname="TestCases.Regression"/>
  <testcase name="diagnostics" time="9.092" classname="TestCases.Regression"/>
  <testcase name="corporatepage" time="25.391" classname="TestCases.Regression"/>
</testsuite> <!-- TestCases.Regression -->
