<?xml version="1.0" encoding="UTF-8"?>
<!-- Generated by org.testng.reporters.JUnitReportReporter -->
<testsuite skipped="0" hostname="Lenovo" name="com.maven.Hackathon.hopitalcheck" tests="1" failures="0" timestamp="06 Mar 2021 18:23:57 GMT" time="90.964" errors="0">
  <testcase name="descpt" time="90.964" classname="com.maven.Hackathon.hopitalcheck"/>
</testsuite> <!-- com.maven.Hackathon.hopitalcheck -->
