<?xml version="1.0" encoding="UTF-8"?>
<!-- Generated by org.testng.reporters.JUnitReportReporter -->
<testsuite skipped="0" hostname="Lenovo" name="TestCases.Regression" tests="9" failures="0" timestamp="14 May 2021 13:11:16 GMT" time="119.668" errors="0">
  <testcase name="login" time="36.857" classname="TestCases.Regression"/>
  <testcase name="hospital" time="4.456" classname="TestCases.Regression"/>
  <testcase name="searchhospitals" time="36.959" classname="TestCases.Regression"/>
  <testcase name="hospitalnames" time="1.436" classname="TestCases.Regression"/>
  <testcase name="hospitaldata" time="8.339" classname="TestCases.Regression"/>
  <testcase name="diagnostics" time="10.282" classname="TestCases.Regression"/>
  <testcase name="diagnostic" time="0.262" classname="TestCases.Regression"/>
  <testcase name="diagnosticdata" time="0.332" classname="TestCases.Regression"/>
  <testcase name="corporatepage" time="20.745" classname="TestCases.Regression"/>
</testsuite> <!-- TestCases.Regression -->
