<?xml version="1.0" encoding="UTF-8"?>
<!-- Generated by org.testng.reporters.JUnitReportReporter -->
<testsuite skipped="0" hostname="Lenovo" name="TestCases.Smoke" tests="9" failures="0" timestamp="11 May 2021 11:13:42 GMT" time="121.991" errors="0">
  <testcase name="login" time="39.294" classname="TestCases.Smoke"/>
  <testcase name="hospital" time="2.383" classname="TestCases.Smoke"/>
  <testcase name="searchhospitals" time="28.766" classname="TestCases.Smoke"/>
  <testcase name="hospitalnames" time="0.340" classname="TestCases.Smoke"/>
  <testcase name="hospitaldata" time="13.987" classname="TestCases.Smoke"/>
  <testcase name="diagnostics" time="7.304" classname="TestCases.Smoke"/>
  <testcase name="diagnostic" time="0.843" classname="TestCases.Smoke"/>
  <testcase name="diagnosticdata" time="0.308" classname="TestCases.Smoke"/>
  <testcase name="corporatepage" time="28.766" classname="TestCases.Smoke"/>
</testsuite> <!-- TestCases.Smoke -->
